<?xml version="1.0" encoding="UTF-8"?>
<coverage generated="1510347308041" clover="3.2.0">
  <project timestamp="1510347308041" name="All files">
    <metrics statements="72" coveredstatements="22" conditionals="10" coveredconditionals="2" methods="42" coveredmethods="6" elements="124" coveredelements="30" complexity="0" loc="72" ncloc="72" packages="2" files="8" classes="8">
      <package name="src">
        <metrics statements="49" coveredstatements="20" conditionals="8" coveredconditionals="2" methods="29" coveredmethods="6"/>
        <file name="App.js" path="/media/truecrypt1/react/trabalho/novembro/reactnd-project-myreads-starter/src/App.js">
          <metrics statements="25" coveredstatements="6" conditionals="6" coveredconditionals="1" methods="18" coveredmethods="4"/>
          <line num="13" count="1" type="stmt"/>
          <line num="14" count="1" type="stmt"/>
          <line num="23" count="1" type="stmt"/>
          <line num="24" count="1" type="stmt"/>
          <line num="28" count="0" type="stmt"/>
          <line num="29" count="0" type="stmt"/>
          <line num="30" count="0" type="stmt"/>
          <line num="31" count="0" type="stmt"/>
          <line num="32" count="0" type="stmt"/>
          <line num="38" count="0" type="stmt"/>
          <line num="39" count="0" type="stmt"/>
          <line num="43" count="0" type="cond" truecount="0" falsecount="2"/>
          <line num="44" count="0" type="stmt"/>
          <line num="45" count="0" type="stmt"/>
          <line num="46" count="0" type="cond" truecount="0" falsecount="2"/>
          <line num="47" count="0" type="stmt"/>
          <line num="49" count="0" type="stmt"/>
          <line num="50" count="0" type="stmt"/>
          <line num="53" count="0" type="stmt"/>
          <line num="54" count="0" type="stmt"/>
          <line num="56" count="0" type="stmt"/>
          <line num="61" count="1" type="stmt"/>
          <line num="64" count="2" type="stmt"/>
          <line num="68" count="0" type="stmt"/>
          <line num="71" count="0" type="stmt"/>
        </file>
        <file name="BooksAPI.js" path="/media/truecrypt1/react/trabalho/novembro/reactnd-project-myreads-starter/src/BooksAPI.js">
          <metrics statements="20" coveredstatements="11" conditionals="2" coveredconditionals="1" methods="11" coveredmethods="2"/>
          <line num="2" count="1" type="stmt"/>
          <line num="6" count="1" type="stmt"/>
          <line num="7" count="1" type="cond" truecount="1" falsecount="1"/>
          <line num="8" count="1" type="stmt"/>
          <line num="10" count="1" type="stmt"/>
          <line num="15" count="1" type="stmt"/>
          <line num="16" count="0" type="stmt"/>
          <line num="17" count="0" type="stmt"/>
          <line num="18" count="0" type="stmt"/>
          <line num="20" count="1" type="stmt"/>
          <line num="21" count="1" type="stmt"/>
          <line num="22" count="1" type="stmt"/>
          <line num="23" count="0" type="stmt"/>
          <line num="25" count="1" type="stmt"/>
          <line num="26" count="0" type="stmt"/>
          <line num="33" count="0" type="stmt"/>
          <line num="35" count="1" type="stmt"/>
          <line num="36" count="0" type="stmt"/>
          <line num="43" count="0" type="stmt"/>
          <line num="44" count="0" type="stmt"/>
        </file>
        <file name="index.js" path="/media/truecrypt1/react/trabalho/novembro/reactnd-project-myreads-starter/src/index.js">
          <metrics statements="1" coveredstatements="0" conditionals="0" coveredconditionals="0" methods="0" coveredmethods="0"/>
          <line num="1" count="0" type="stmt"/>
        </file>
        <file name="setupTests.js" path="/media/truecrypt1/react/trabalho/novembro/reactnd-project-myreads-starter/src/setupTests.js">
          <metrics statements="3" coveredstatements="3" conditionals="0" coveredconditionals="0" methods="0" coveredmethods="0"/>
          <line num="1" count="2" type="stmt"/>
          <line num="7" count="2" type="stmt"/>
          <line num="8" count="2" type="stmt"/>
        </file>
      </package>
      <package name="src.components">
        <metrics statements="23" coveredstatements="2" conditionals="2" coveredconditionals="0" methods="13" coveredmethods="0"/>
        <file name="BookView.js" path="/media/truecrypt1/react/trabalho/novembro/reactnd-project-myreads-starter/src/components/BookView.js">
          <metrics statements="8" coveredstatements="1" conditionals="2" coveredconditionals="0" methods="2" coveredmethods="0"/>
          <line num="7" count="0" type="stmt"/>
          <line num="8" count="0" type="stmt"/>
          <line num="10" count="0" type="cond" truecount="0" falsecount="2"/>
          <line num="11" count="0" type="stmt"/>
          <line num="13" count="0" type="stmt"/>
          <line num="17" count="0" type="stmt"/>
          <line num="22" count="0" type="stmt"/>
          <line num="37" count="2" type="stmt"/>
        </file>
        <file name="ListAllBooks.js" path="/media/truecrypt1/react/trabalho/novembro/reactnd-project-myreads-starter/src/components/ListAllBooks.js">
          <metrics statements="7" coveredstatements="1" conditionals="0" coveredconditionals="0" methods="5" coveredmethods="0"/>
          <line num="7" count="0" type="stmt"/>
          <line num="9" count="0" type="stmt"/>
          <line num="16" count="0" type="stmt"/>
          <line num="17" count="0" type="stmt"/>
          <line num="18" count="0" type="stmt"/>
          <line num="22" count="0" type="stmt"/>
          <line num="29" count="1" type="stmt"/>
        </file>
        <file name="ListBooks.js" path="/media/truecrypt1/react/trabalho/novembro/reactnd-project-myreads-starter/src/components/ListBooks.js">
          <metrics statements="3" coveredstatements="0" conditionals="0" coveredconditionals="0" methods="2" coveredmethods="0"/>
          <line num="15" count="0" type="stmt"/>
          <line num="17" count="0" type="stmt"/>
          <line num="23" count="0" type="stmt"/>
        </file>
        <file name="SearchBook.js" path="/media/truecrypt1/react/trabalho/novembro/reactnd-project-myreads-starter/src/components/SearchBook.js">
          <metrics statements="5" coveredstatements="0" conditionals="0" coveredconditionals="0" methods="4" coveredmethods="0"/>
          <line num="18" count="0" type="stmt"/>
          <line num="20" count="0" type="stmt"/>
          <line num="23" count="0" type="stmt"/>
          <line num="25" count="0" type="stmt"/>
          <line num="31" count="0" type="stmt"/>
        </file>
      </package>
    </metrics>
  </project>
</coverage>
