{"/media/truecrypt1/react/trabalho/novembro/reactnd-project-myreads-starter/src/App.js": {"path":"/media/truecrypt1/react/trabalho/novembro/reactnd-project-myreads-starter/src/App.js","statementMap":{"0":{"start":{"line":13,"column":4},"end":{"line":13,"column":16}},"1":{"start":{"line":14,"column":4},"end":{"line":19,"column":5}},"2":{"start":{"line":23,"column":4},"end":{"line":23,"column":36}},"3":{"start":{"line":24,"column":4},"end":{"line":24,"column":20}},"4":{"start":{"line":28,"column":4},"end":{"line":28,"column":36}},"5":{"start":{"line":29,"column":4},"end":{"line":33,"column":6}},"6":{"start":{"line":30,"column":6},"end":{"line":30,"column":24}},"7":{"start":{"line":31,"column":6},"end":{"line":31,"column":22}},"8":{"start":{"line":32,"column":6},"end":{"line":32,"column":31}},"9":{"start":{"line":38,"column":4},"end":{"line":38,"column":36}},"10":{"start":{"line":39,"column":4},"end":{"line":39,"column":29}},"11":{"start":{"line":43,"column":4},"end":{"line":57,"column":5}},"12":{"start":{"line":44,"column":6},"end":{"line":44,"column":38}},"13":{"start":{"line":45,"column":6},"end":{"line":54,"column":73}},"14":{"start":{"line":45,"column":40},"end":{"line":54,"column":72}},"15":{"start":{"line":46,"column":8},"end":{"line":52,"column":9}},"16":{"start":{"line":47,"column":10},"end":{"line":47,"column":27}},"17":{"start":{"line":49,"column":10},"end":{"line":51,"column":11}},"18":{"start":{"line":50,"column":12},"end":{"line":50,"column":125}},"19":{"start":{"line":50,"column":47},"end":{"line":50,"column":73}},"20":{"start":{"line":50,"column":94},"end":{"line":50,"column":124}},"21":{"start":{"line":53,"column":8},"end":{"line":53,"column":55}},"22":{"start":{"line":54,"column":20},"end":{"line":54,"column":71}},"23":{"start":{"line":56,"column":6},"end":{"line":56,"column":41}},"24":{"start":{"line":61,"column":20},"end":{"line":61,"column":95}},"25":{"start":{"line":61,"column":54},"end":{"line":61,"column":94}},"26":{"start":{"line":64,"column":4},"end":{"line":75,"column":5}},"27":{"start":{"line":68,"column":12},"end":{"line":68,"column":196}},"28":{"start":{"line":68,"column":175},"end":{"line":68,"column":192}},"29":{"start":{"line":71,"column":12},"end":{"line":71,"column":130}},"30":{"start":{"line":71,"column":103},"end":{"line":71,"column":126}}},"fnMap":{"0":{"name":"(anonymous_0)","decl":{"start":{"line":12,"column":2},"end":{"line":12,"column":3}},"loc":{"start":{"line":12,"column":21},"end":{"line":20,"column":3}},"line":12},"1":{"name":"(anonymous_1)","decl":{"start":{"line":22,"column":2},"end":{"line":22,"column":3}},"loc":{"start":{"line":22,"column":22},"end":{"line":25,"column":3}},"line":22},"2":{"name":"(anonymous_2)","decl":{"start":{"line":27,"column":15},"end":{"line":27,"column":16}},"loc":{"start":{"line":27,"column":32},"end":{"line":35,"column":3}},"line":27},"3":{"name":"(anonymous_3)","decl":{"start":{"line":29,"column":38},"end":{"line":29,"column":39}},"loc":{"start":{"line":29,"column":43},"end":{"line":33,"column":5}},"line":29},"4":{"name":"(anonymous_4)","decl":{"start":{"line":37,"column":16},"end":{"line":37,"column":17}},"loc":{"start":{"line":37,"column":27},"end":{"line":40,"column":3}},"line":37},"5":{"name":"(anonymous_5)","decl":{"start":{"line":42,"column":23},"end":{"line":42,"column":24}},"loc":{"start":{"line":42,"column":29},"end":{"line":58,"column":3}},"line":42},"6":{"name":"(anonymous_6)","decl":{"start":{"line":45,"column":29},"end":{"line":45,"column":30}},"loc":{"start":{"line":45,"column":40},"end":{"line":54,"column":72}},"line":45},"7":{"name":"(anonymous_7)","decl":{"start":{"line":45,"column":84},"end":{"line":45,"column":85}},"loc":{"start":{"line":45,"column":102},"end":{"line":54,"column":7}},"line":45},"8":{"name":"(anonymous_8)","decl":{"start":{"line":50,"column":32},"end":{"line":50,"column":33}},"loc":{"start":{"line":50,"column":47},"end":{"line":50,"column":73}},"line":50},"9":{"name":"(anonymous_9)","decl":{"start":{"line":50,"column":79},"end":{"line":50,"column":80}},"loc":{"start":{"line":50,"column":94},"end":{"line":50,"column":124}},"line":50},"10":{"name":"(anonymous_10)","decl":{"start":{"line":54,"column":15},"end":{"line":54,"column":16}},"loc":{"start":{"line":54,"column":20},"end":{"line":54,"column":71}},"line":54},"11":{"name":"(anonymous_11)","decl":{"start":{"line":61,"column":14},"end":{"line":61,"column":15}},"loc":{"start":{"line":61,"column":20},"end":{"line":61,"column":95}},"line":61},"12":{"name":"(anonymous_12)","decl":{"start":{"line":61,"column":43},"end":{"line":61,"column":44}},"loc":{"start":{"line":61,"column":54},"end":{"line":61,"column":94}},"line":61},"13":{"name":"(anonymous_13)","decl":{"start":{"line":63,"column":2},"end":{"line":63,"column":3}},"loc":{"start":{"line":63,"column":11},"end":{"line":76,"column":3}},"line":63},"14":{"name":"(anonymous_14)","decl":{"start":{"line":67,"column":40},"end":{"line":67,"column":41}},"loc":{"start":{"line":68,"column":12},"end":{"line":68,"column":196}},"line":68},"15":{"name":"(anonymous_15)","decl":{"start":{"line":68,"column":169},"end":{"line":68,"column":170}},"loc":{"start":{"line":68,"column":175},"end":{"line":68,"column":192}},"line":68},"16":{"name":"(anonymous_16)","decl":{"start":{"line":70,"column":40},"end":{"line":70,"column":41}},"loc":{"start":{"line":71,"column":12},"end":{"line":71,"column":130}},"line":71},"17":{"name":"(anonymous_17)","decl":{"start":{"line":71,"column":97},"end":{"line":71,"column":98}},"loc":{"start":{"line":71,"column":103},"end":{"line":71,"column":126}},"line":71}},"branchMap":{"0":{"loc":{"start":{"line":43,"column":4},"end":{"line":57,"column":5}},"type":"if","locations":[{"start":{"line":43,"column":4},"end":{"line":57,"column":5}},{"start":{"line":43,"column":4},"end":{"line":57,"column":5}}],"line":43},"1":{"loc":{"start":{"line":46,"column":8},"end":{"line":52,"column":9}},"type":"if","locations":[{"start":{"line":46,"column":8},"end":{"line":52,"column":9}},{"start":{"line":46,"column":8},"end":{"line":52,"column":9}}],"line":46},"2":{"loc":{"start":{"line":66,"column":9},"end":{"line":73,"column":15}},"type":"cond-expr","locations":[{"start":{"line":66,"column":31},"end":{"line":66,"column":82}},{"start":{"line":66,"column":87},"end":{"line":73,"column":14}}],"line":66}},"s":{"0":1,"1":1,"2":1,"3":1,"4":0,"5":0,"6":0,"7":0,"8":0,"9":0,"10":0,"11":0,"12":0,"13":0,"14":0,"15":0,"16":0,"17":0,"18":0,"19":0,"20":0,"21":0,"22":0,"23":0,"24":1,"25":0,"26":2,"27":0,"28":0,"29":0,"30":0},"f":{"0":1,"1":1,"2":0,"3":0,"4":0,"5":0,"6":0,"7":0,"8":0,"9":0,"10":0,"11":1,"12":0,"13":2,"14":0,"15":0,"16":0,"17":0},"b":{"0":[0,0],"1":[0,0],"2":[2,0]},"_coverageSchema":"332fd63041d2c1bcb487cc26dd0d5f7d97098a6c","hash":"b8221aef823d7a56f1e871260ed29bc399f32d6b"}
,"/media/truecrypt1/react/trabalho/novembro/reactnd-project-myreads-starter/src/BooksAPI.js": {"path":"/media/truecrypt1/react/trabalho/novembro/reactnd-project-myreads-starter/src/BooksAPI.js","statementMap":{"0":{"start":{"line":2,"column":12},"end":{"line":2,"column":51}},"1":{"start":{"line":6,"column":12},"end":{"line":6,"column":30}},"2":{"start":{"line":7,"column":0},"end":{"line":8,"column":68}},"3":{"start":{"line":8,"column":2},"end":{"line":8,"column":68}},"4":{"start":{"line":10,"column":16},"end":{"line":13,"column":1}},"5":{"start":{"line":15,"column":19},"end":{"line":18,"column":28}},"6":{"start":{"line":16,"column":2},"end":{"line":18,"column":28}},"7":{"start":{"line":17,"column":17},"end":{"line":17,"column":27}},"8":{"start":{"line":18,"column":18},"end":{"line":18,"column":27}},"9":{"start":{"line":20,"column":22},"end":{"line":23,"column":29}},"10":{"start":{"line":21,"column":2},"end":{"line":23,"column":29}},"11":{"start":{"line":22,"column":17},"end":{"line":22,"column":27}},"12":{"start":{"line":23,"column":18},"end":{"line":23,"column":28}},"13":{"start":{"line":25,"column":22},"end":{"line":33,"column":28}},"14":{"start":{"line":26,"column":2},"end":{"line":33,"column":28}},"15":{"start":{"line":33,"column":17},"end":{"line":33,"column":27}},"16":{"start":{"line":35,"column":22},"end":{"line":44,"column":29}},"17":{"start":{"line":36,"column":2},"end":{"line":44,"column":29}},"18":{"start":{"line":43,"column":17},"end":{"line":43,"column":27}},"19":{"start":{"line":44,"column":18},"end":{"line":44,"column":28}}},"fnMap":{"0":{"name":"(anonymous_0)","decl":{"start":{"line":15,"column":19},"end":{"line":15,"column":20}},"loc":{"start":{"line":16,"column":2},"end":{"line":18,"column":28}},"line":16},"1":{"name":"(anonymous_1)","decl":{"start":{"line":17,"column":10},"end":{"line":17,"column":11}},"loc":{"start":{"line":17,"column":17},"end":{"line":17,"column":27}},"line":17},"2":{"name":"(anonymous_2)","decl":{"start":{"line":18,"column":10},"end":{"line":18,"column":11}},"loc":{"start":{"line":18,"column":18},"end":{"line":18,"column":27}},"line":18},"3":{"name":"(anonymous_3)","decl":{"start":{"line":20,"column":22},"end":{"line":20,"column":23}},"loc":{"start":{"line":21,"column":2},"end":{"line":23,"column":29}},"line":21},"4":{"name":"(anonymous_4)","decl":{"start":{"line":22,"column":10},"end":{"line":22,"column":11}},"loc":{"start":{"line":22,"column":17},"end":{"line":22,"column":27}},"line":22},"5":{"name":"(anonymous_5)","decl":{"start":{"line":23,"column":10},"end":{"line":23,"column":11}},"loc":{"start":{"line":23,"column":18},"end":{"line":23,"column":28}},"line":23},"6":{"name":"(anonymous_6)","decl":{"start":{"line":25,"column":22},"end":{"line":25,"column":23}},"loc":{"start":{"line":26,"column":2},"end":{"line":33,"column":28}},"line":26},"7":{"name":"(anonymous_7)","decl":{"start":{"line":33,"column":10},"end":{"line":33,"column":11}},"loc":{"start":{"line":33,"column":17},"end":{"line":33,"column":27}},"line":33},"8":{"name":"(anonymous_8)","decl":{"start":{"line":35,"column":22},"end":{"line":35,"column":23}},"loc":{"start":{"line":36,"column":2},"end":{"line":44,"column":29}},"line":36},"9":{"name":"(anonymous_9)","decl":{"start":{"line":43,"column":10},"end":{"line":43,"column":11}},"loc":{"start":{"line":43,"column":17},"end":{"line":43,"column":27}},"line":43},"10":{"name":"(anonymous_10)","decl":{"start":{"line":44,"column":10},"end":{"line":44,"column":11}},"loc":{"start":{"line":44,"column":18},"end":{"line":44,"column":28}},"line":44}},"branchMap":{"0":{"loc":{"start":{"line":7,"column":0},"end":{"line":8,"column":68}},"type":"if","locations":[{"start":{"line":7,"column":0},"end":{"line":8,"column":68}},{"start":{"line":7,"column":0},"end":{"line":8,"column":68}}],"line":7}},"s":{"0":1,"1":1,"2":1,"3":1,"4":1,"5":1,"6":0,"7":0,"8":0,"9":1,"10":1,"11":1,"12":0,"13":1,"14":0,"15":0,"16":1,"17":0,"18":0,"19":0},"f":{"0":0,"1":0,"2":0,"3":1,"4":1,"5":0,"6":0,"7":0,"8":0,"9":0,"10":0},"b":{"0":[1,0]},"_coverageSchema":"332fd63041d2c1bcb487cc26dd0d5f7d97098a6c","hash":"a3d85a8e67ce5331a572df124396ea834b6aeaec"}
,"/media/truecrypt1/react/trabalho/novembro/reactnd-project-myreads-starter/src/index.js": {"path":"/media/truecrypt1/react/trabalho/novembro/reactnd-project-myreads-starter/src/index.js","statementMap":{"0":{"start":{"line":1,"column":58},"end":{"line":1,"column":146}}},"fnMap":{},"branchMap":{},"s":{"0":0},"f":{},"b":{}}
,"/media/truecrypt1/react/trabalho/novembro/reactnd-project-myreads-starter/src/setupTests.js": {"path":"/media/truecrypt1/react/trabalho/novembro/reactnd-project-myreads-starter/src/setupTests.js","statementMap":{"0":{"start":{"line":1,"column":25},"end":{"line":5,"column":1}},"1":{"start":{"line":7,"column":0},"end":{"line":7,"column":39}},"2":{"start":{"line":8,"column":0},"end":{"line":8,"column":42}}},"fnMap":{},"branchMap":{},"s":{"0":1,"1":1,"2":1},"f":{},"b":{},"_coverageSchema":"332fd63041d2c1bcb487cc26dd0d5f7d97098a6c","hash":"3deb64a47ec351337303705407b012b2785c42c6"}
,"/media/truecrypt1/react/trabalho/novembro/reactnd-project-myreads-starter/src/components/BookView.js": {"path":"/media/truecrypt1/react/trabalho/novembro/reactnd-project-myreads-starter/src/components/BookView.js","statementMap":{"0":{"start":{"line":7,"column":48},"end":{"line":7,"column":58}},"1":{"start":{"line":8,"column":20},"end":{"line":8,"column":22}},"2":{"start":{"line":10,"column":2},"end":{"line":14,"column":3}},"3":{"start":{"line":11,"column":4},"end":{"line":11,"column":24}},"4":{"start":{"line":13,"column":4},"end":{"line":13,"column":23}},"5":{"start":{"line":17,"column":2},"end":{"line":34,"column":3}},"6":{"start":{"line":22,"column":62},"end":{"line":22,"column":108}},"7":{"start":{"line":37,"column":0},"end":{"line":40,"column":1}}},"fnMap":{"0":{"name":"BookView","decl":{"start":{"line":5,"column":9},"end":{"line":5,"column":17}},"loc":{"start":{"line":5,"column":25},"end":{"line":35,"column":1}},"line":5},"1":{"name":"(anonymous_1)","decl":{"start":{"line":22,"column":55},"end":{"line":22,"column":56}},"loc":{"start":{"line":22,"column":62},"end":{"line":22,"column":108}},"line":22}},"branchMap":{"0":{"loc":{"start":{"line":10,"column":2},"end":{"line":14,"column":3}},"type":"if","locations":[{"start":{"line":10,"column":2},"end":{"line":14,"column":3}},{"start":{"line":10,"column":2},"end":{"line":14,"column":3}}],"line":10}},"s":{"0":0,"1":0,"2":0,"3":0,"4":0,"5":0,"6":0,"7":1},"f":{"0":0,"1":0},"b":{"0":[0,0]},"_coverageSchema":"332fd63041d2c1bcb487cc26dd0d5f7d97098a6c","hash":"403fabcbffc74b7dca2a4e52373a6632362f8b12"}
,"/media/truecrypt1/react/trabalho/novembro/reactnd-project-myreads-starter/src/components/ListAllBooks.js": {"path":"/media/truecrypt1/react/trabalho/novembro/reactnd-project-myreads-starter/src/components/ListAllBooks.js","statementMap":{"0":{"start":{"line":7,"column":49},"end":{"line":7,"column":54}},"1":{"start":{"line":9,"column":2},"end":{"line":25,"column":3}},"2":{"start":{"line":16,"column":77},"end":{"line":16,"column":110}},"3":{"start":{"line":17,"column":72},"end":{"line":17,"column":99}},"4":{"start":{"line":18,"column":64},"end":{"line":18,"column":85}},"5":{"start":{"line":22,"column":26},"end":{"line":22,"column":41}},"6":{"start":{"line":29,"column":0},"end":{"line":33,"column":1}}},"fnMap":{"0":{"name":"ListAllBooks","decl":{"start":{"line":5,"column":9},"end":{"line":5,"column":21}},"loc":{"start":{"line":5,"column":29},"end":{"line":27,"column":1}},"line":5},"1":{"name":"(anonymous_1)","decl":{"start":{"line":16,"column":67},"end":{"line":16,"column":68}},"loc":{"start":{"line":16,"column":77},"end":{"line":16,"column":110}},"line":16},"2":{"name":"(anonymous_2)","decl":{"start":{"line":17,"column":62},"end":{"line":17,"column":63}},"loc":{"start":{"line":17,"column":72},"end":{"line":17,"column":99}},"line":17},"3":{"name":"(anonymous_3)","decl":{"start":{"line":18,"column":54},"end":{"line":18,"column":55}},"loc":{"start":{"line":18,"column":64},"end":{"line":18,"column":85}},"line":18},"4":{"name":"(anonymous_4)","decl":{"start":{"line":22,"column":20},"end":{"line":22,"column":21}},"loc":{"start":{"line":22,"column":26},"end":{"line":22,"column":41}},"line":22}},"branchMap":{},"s":{"0":0,"1":0,"2":0,"3":0,"4":0,"5":0,"6":1},"f":{"0":0,"1":0,"2":0,"3":0,"4":0},"b":{},"_coverageSchema":"332fd63041d2c1bcb487cc26dd0d5f7d97098a6c","hash":"15bd9e1afd01713597c6ceea2549232cf13d0146"}
,"/media/truecrypt1/react/trabalho/novembro/reactnd-project-myreads-starter/src/components/ListBooks.js": {"path":"/media/truecrypt1/react/trabalho/novembro/reactnd-project-myreads-starter/src/components/ListBooks.js","statementMap":{"0":{"start":{"line":15,"column":29},"end":{"line":15,"column":39}},"1":{"start":{"line":17,"column":4},"end":{"line":30,"column":5}},"2":{"start":{"line":23,"column":14},"end":{"line":25,"column":19}}},"fnMap":{"0":{"name":"(anonymous_0)","decl":{"start":{"line":14,"column":2},"end":{"line":14,"column":3}},"loc":{"start":{"line":14,"column":11},"end":{"line":31,"column":3}},"line":14},"1":{"name":"(anonymous_1)","decl":{"start":{"line":22,"column":23},"end":{"line":22,"column":24}},"loc":{"start":{"line":23,"column":14},"end":{"line":25,"column":19}},"line":23}},"branchMap":{},"s":{"0":0,"1":0,"2":0},"f":{"0":0,"1":0},"b":{},"_coverageSchema":"332fd63041d2c1bcb487cc26dd0d5f7d97098a6c","hash":"295251611ce65158eb11727cd2fede49b76d5ff1"}
,"/media/truecrypt1/react/trabalho/novembro/reactnd-project-myreads-starter/src/components/SearchBook.js": {"path":"/media/truecrypt1/react/trabalho/novembro/reactnd-project-myreads-starter/src/components/SearchBook.js","statementMap":{"0":{"start":{"line":18,"column":81},"end":{"line":18,"column":91}},"1":{"start":{"line":20,"column":4},"end":{"line":38,"column":5}},"2":{"start":{"line":23,"column":53},"end":{"line":23,"column":68}},"3":{"start":{"line":25,"column":151},"end":{"line":25,"column":184}},"4":{"start":{"line":31,"column":14},"end":{"line":33,"column":19}}},"fnMap":{"0":{"name":"(anonymous_0)","decl":{"start":{"line":17,"column":2},"end":{"line":17,"column":3}},"loc":{"start":{"line":17,"column":11},"end":{"line":39,"column":3}},"line":17},"1":{"name":"(anonymous_1)","decl":{"start":{"line":23,"column":47},"end":{"line":23,"column":48}},"loc":{"start":{"line":23,"column":53},"end":{"line":23,"column":68}},"line":23},"2":{"name":"(anonymous_2)","decl":{"start":{"line":25,"column":140},"end":{"line":25,"column":141}},"loc":{"start":{"line":25,"column":151},"end":{"line":25,"column":184}},"line":25},"3":{"name":"(anonymous_3)","decl":{"start":{"line":30,"column":30},"end":{"line":30,"column":31}},"loc":{"start":{"line":31,"column":14},"end":{"line":33,"column":19}},"line":31}},"branchMap":{},"s":{"0":0,"1":0,"2":0,"3":0,"4":0},"f":{"0":0,"1":0,"2":0,"3":0},"b":{},"_coverageSchema":"332fd63041d2c1bcb487cc26dd0d5f7d97098a6c","hash":"54df7931d50b5a4d22e267421d6fea4b60c7d8ec"}
}
