TN:
SF:/media/truecrypt1/react/trabalho/novembro/reactnd-project-myreads-starter/src/App.js
FN:12,(anonymous_0)
FN:22,(anonymous_1)
FN:27,(anonymous_2)
FN:29,(anonymous_3)
FN:37,(anonymous_4)
FN:42,(anonymous_5)
FN:45,(anonymous_6)
FN:45,(anonymous_7)
FN:50,(anonymous_8)
FN:50,(anonymous_9)
FN:54,(anonymous_10)
FN:61,(anonymous_11)
FN:61,(anonymous_12)
FN:63,(anonymous_13)
FN:67,(anonymous_14)
FN:68,(anonymous_15)
FN:70,(anonymous_16)
FN:71,(anonymous_17)
FNF:18
FNH:4
FNDA:1,(anonymous_0)
FNDA:1,(anonymous_1)
FNDA:0,(anonymous_2)
FNDA:0,(anonymous_3)
FNDA:0,(anonymous_4)
FNDA:0,(anonymous_5)
FNDA:0,(anonymous_6)
FNDA:0,(anonymous_7)
FNDA:0,(anonymous_8)
FNDA:0,(anonymous_9)
FNDA:0,(anonymous_10)
FNDA:1,(anonymous_11)
FNDA:0,(anonymous_12)
FNDA:2,(anonymous_13)
FNDA:0,(anonymous_14)
FNDA:0,(anonymous_15)
FNDA:0,(anonymous_16)
FNDA:0,(anonymous_17)
DA:13,1
DA:14,1
DA:23,1
DA:24,1
DA:28,0
DA:29,0
DA:30,0
DA:31,0
DA:32,0
DA:38,0
DA:39,0
DA:43,0
DA:44,0
DA:45,0
DA:46,0
DA:47,0
DA:49,0
DA:50,0
DA:53,0
DA:54,0
DA:56,0
DA:61,1
DA:64,2
DA:68,0
DA:71,0
LF:25
LH:6
BRDA:43,0,0,0
BRDA:43,0,1,0
BRDA:46,1,0,0
BRDA:46,1,1,0
BRDA:66,2,0,2
BRDA:66,2,1,0
BRF:6
BRH:1
end_of_record
TN:
SF:/media/truecrypt1/react/trabalho/novembro/reactnd-project-myreads-starter/src/BooksAPI.js
FN:15,(anonymous_0)
FN:17,(anonymous_1)
FN:18,(anonymous_2)
FN:20,(anonymous_3)
FN:22,(anonymous_4)
FN:23,(anonymous_5)
FN:25,(anonymous_6)
FN:33,(anonymous_7)
FN:35,(anonymous_8)
FN:43,(anonymous_9)
FN:44,(anonymous_10)
FNF:11
FNH:2
FNDA:0,(anonymous_0)
FNDA:0,(anonymous_1)
FNDA:0,(anonymous_2)
FNDA:1,(anonymous_3)
FNDA:1,(anonymous_4)
FNDA:0,(anonymous_5)
FNDA:0,(anonymous_6)
FNDA:0,(anonymous_7)
FNDA:0,(anonymous_8)
FNDA:0,(anonymous_9)
FNDA:0,(anonymous_10)
DA:2,1
DA:6,1
DA:7,1
DA:8,1
DA:10,1
DA:15,1
DA:16,0
DA:17,0
DA:18,0
DA:20,1
DA:21,1
DA:22,1
DA:23,0
DA:25,1
DA:26,0
DA:33,0
DA:35,1
DA:36,0
DA:43,0
DA:44,0
LF:20
LH:11
BRDA:7,0,0,1
BRDA:7,0,1,0
BRF:2
BRH:1
end_of_record
TN:
SF:/media/truecrypt1/react/trabalho/novembro/reactnd-project-myreads-starter/src/index.js
FNF:0
FNH:0
DA:1,0
LF:1
LH:0
BRF:0
BRH:0
end_of_record
TN:
SF:/media/truecrypt1/react/trabalho/novembro/reactnd-project-myreads-starter/src/setupTests.js
FNF:0
FNH:0
DA:1,1
DA:7,1
DA:8,1
LF:3
LH:3
BRF:0
BRH:0
end_of_record
TN:
SF:/media/truecrypt1/react/trabalho/novembro/reactnd-project-myreads-starter/src/components/BookView.js
FN:5,BookView
FN:22,(anonymous_1)
FNF:2
FNH:0
FNDA:0,BookView
FNDA:0,(anonymous_1)
DA:7,0
DA:8,0
DA:10,0
DA:11,0
DA:13,0
DA:17,0
DA:22,0
DA:37,1
LF:8
LH:1
BRDA:10,0,0,0
BRDA:10,0,1,0
BRF:2
BRH:0
end_of_record
TN:
SF:/media/truecrypt1/react/trabalho/novembro/reactnd-project-myreads-starter/src/components/ListAllBooks.js
FN:5,ListAllBooks
FN:16,(anonymous_1)
FN:17,(anonymous_2)
FN:18,(anonymous_3)
FN:22,(anonymous_4)
FNF:5
FNH:0
FNDA:0,ListAllBooks
FNDA:0,(anonymous_1)
FNDA:0,(anonymous_2)
FNDA:0,(anonymous_3)
FNDA:0,(anonymous_4)
DA:7,0
DA:9,0
DA:16,0
DA:17,0
DA:18,0
DA:22,0
DA:29,1
LF:7
LH:1
BRF:0
BRH:0
end_of_record
TN:
SF:/media/truecrypt1/react/trabalho/novembro/reactnd-project-myreads-starter/src/components/ListBooks.js
FN:14,(anonymous_0)
FN:22,(anonymous_1)
FNF:2
FNH:0
FNDA:0,(anonymous_0)
FNDA:0,(anonymous_1)
DA:15,0
DA:17,0
DA:23,0
LF:3
LH:0
BRF:0
BRH:0
end_of_record
TN:
SF:/media/truecrypt1/react/trabalho/novembro/reactnd-project-myreads-starter/src/components/SearchBook.js
FN:17,(anonymous_0)
FN:23,(anonymous_1)
FN:25,(anonymous_2)
FN:30,(anonymous_3)
FNF:4
FNH:0
FNDA:0,(anonymous_0)
FNDA:0,(anonymous_1)
FNDA:0,(anonymous_2)
FNDA:0,(anonymous_3)
DA:18,0
DA:20,0
DA:23,0
DA:25,0
DA:31,0
LF:5
LH:0
BRF:0
BRH:0
end_of_record
